<?xml version="1.0" encoding="UTF-8"?>
<beans xmlns="http://www.springframework.org/schema/beans"
	xmlns:xsi="http://www.w3.org/2001/XMLSchema-instance"
	xmlns:aop="http://www.springframework.org/schema/aop"
	xmlns:tx="http://www.springframework.org/schema/tx"
	xsi:schemaLocation="http://www.springframework.org/schema/beans 
						http://www.springframework.org/schema/beans/spring-beans-3.0.xsd
						http://www.springframework.org/schema/aop 
						http://www.springframework.org/schema/aop/spring-aop-3.0.xsd
						http://www.springframework.org/schema/tx 
						http://www.springframework.org/schema/tx/spring-tx-3.0.xsd">
	<bean id="dataSource" class="org.springframework.jdbc.datasource.SimpleDriverDataSource">
		<property name="driverClass" value="com.mysql.jdbc.Driver" />
		<property name="url" value="jdbc:mysql://localhost/springbook?characterEncoding=UTF-8" />
		<property name="username" value="spring" />
		<property name="password" value="book" />
	</bean>
	
	<bean id="transactionManager" class="org.springframework.jdbc.datasource.DataSourceTransactionManager">
		<property name="dataSource" ref="dataSource" />  
	</bean>
	
	<!-- aop -->
	<tx:annotation-driven />
	<!--  
	<aop:config>
		<aop:advisor advice-ref="transactionAdvice" pointcut="bean(*Service)" />
	</aop:config>
	
	<tx:advice id="transactionAdvice">
		<tx:attributes>
			<tx:method name="get*" read-only="true"/>
			<tx:method name="*" />
		</tx:attributes> 
	</tx:advice>
	 -->
		
	<!-- 
	<bean class="org.springframework.aop.framework.autoproxy.DefaultAdvisorAutoProxyCreator" />
	
	<bean id="transactionAdvice" class="springbook.user.service.TransactionAdvice">
		<property name="transactionManager" ref="transactionManager" />
	</bean>
	
	<bean id="transactionPointcut" class="org.springframework.aop.aspectj.AspectJExpressionPointcut">
		<property name="expression" value="execution(* *..*ServiceImpl.upgrade*(..))" />
	</bean>
	
	<bean id="transactionAdvisor" class="org.springframework.aop.support.DefaultPointcutAdvisor">
		<property name="advice" ref="transactionAdvice" />
		<property name="pointcut" ref="transactionPointcut" />
	</bean> 
	 -->
	
	<!--  application components -->
	<bean id="userDao" class="springbook.user.dao.UserDaoJdbc">
		<property name="dataSource" ref="dataSource" />
	</bean> 
	
	<bean id="userService" class="springbook.user.service.UserServiceImpl">
		<property name="userDao" ref="userDao" />
		<property name="mailSender" ref="mailSender" />
	</bean>
	
	<bean id="testUserService" class="springbook.user.service.UserServiceTest$TestUserService" parent="userService" />
	
	<!-- 
	<bean id="mailSender" class="org.springframework.mail.javamail.JavaMailSenderImpl">
		<property name="host" value="mail.server.com" />
	</bean>
	 -->
	<bean id="mailSender" class="springbook.user.service.DummyMailSender" />
</beans>
